[0m12:45:01.900247 [debug] [MainThread]: Sending event: {'category': 'dbt', 'action': 'invocation', 'label': 'start', 'context': [<snowplow_tracker.self_describing_json.SelfDescribingJson object at 0x0000028486725F50>, <snowplow_tracker.self_describing_json.SelfDescribingJson object at 0x0000028486726590>, <snowplow_tracker.self_describing_json.SelfDescribingJson object at 0x0000028486726290>]}


============================== 12:45:01.912232 | 1b518043-d24f-468f-9c5b-7a18e60c0954 ==============================
[0m12:45:01.912232 [info ] [MainThread]: Running with dbt=1.7.11
[0m12:45:01.912232 [debug] [MainThread]: running dbt with arguments {'printer_width': '80', 'indirect_selection': 'eager', 'write_json': 'True', 'log_cache_events': 'False', 'partial_parse': 'True', 'cache_selected_only': 'False', 'warn_error': 'None', 'fail_fast': 'False', 'profiles_dir': 'C:\\Users\\Akshay\\.dbt', 'log_path': 'logs', 'debug': 'False', 'version_check': 'True', 'use_colors': 'True', 'use_experimental_parser': 'False', 'no_print': 'None', 'quiet': 'False', 'log_format': 'default', 'introspect': 'True', 'warn_error_options': 'WarnErrorOptions(include=[], exclude=[])', 'invocation_command': 'dbt init dbt_project', 'target_path': 'None', 'static_parser': 'True', 'send_anonymous_usage_stats': 'True'}
[0m12:45:01.912232 [warn ] [MainThread]: [ConfigFolderDirectory]: Unable to parse dict {'dir': WindowsPath('C:/Users/Akshay/.dbt')}
[0m12:45:01.912232 [info ] [MainThread]: Creating dbt configuration folder at 
[0m12:45:01.912232 [debug] [MainThread]: Starter project path: C:\Users\Akshay\AppData\Local\Programs\Python\Python311\Lib\site-packages\dbt\include\starter_project
[0m12:45:02.008081 [info ] [MainThread]: 
Your new dbt project "dbt_project" was created!

For more information on how to configure the profiles.yml file,
please consult the dbt documentation here:

  https://docs.getdbt.com/docs/configure-your-profile

One more thing:

Need help? Don't hesitate to reach out to us via GitHub issues or on Slack:

  https://community.getdbt.com/

Happy modeling!

[0m12:45:02.008081 [info ] [MainThread]: Setting up your profile.
[0m12:46:46.912516 [info ] [MainThread]: Profile dbt_project written to C:\Users\Akshay\.dbt\profiles.yml using target's profile_template.yml and your supplied values. Run 'dbt debug' to validate the connection.
[0m12:46:46.918609 [debug] [MainThread]: Command `dbt init` succeeded at 12:46:46.918054 after 105.04 seconds
[0m12:46:46.920449 [debug] [MainThread]: Sending event: {'category': 'dbt', 'action': 'invocation', 'label': 'end', 'context': [<snowplow_tracker.self_describing_json.SelfDescribingJson object at 0x0000028486731710>, <snowplow_tracker.self_describing_json.SelfDescribingJson object at 0x00000284FFC01210>, <snowplow_tracker.self_describing_json.SelfDescribingJson object at 0x00000284FFC95990>]}
[0m12:46:46.922037 [debug] [MainThread]: Flushing usage events
[0m12:47:03.350574 [debug] [MainThread]: Sending event: {'category': 'dbt', 'action': 'invocation', 'label': 'start', 'context': [<snowplow_tracker.self_describing_json.SelfDescribingJson object at 0x000001D82ABF0C90>, <snowplow_tracker.self_describing_json.SelfDescribingJson object at 0x000001D82AC169D0>, <snowplow_tracker.self_describing_json.SelfDescribingJson object at 0x000001D823DE9950>]}


============================== 12:47:03.359133 | c8d57db2-111a-43f1-83a4-c8a67c7aef34 ==============================
[0m12:47:03.359133 [info ] [MainThread]: Running with dbt=1.7.11
[0m12:47:03.361410 [debug] [MainThread]: running dbt with arguments {'printer_width': '80', 'indirect_selection': 'eager', 'log_cache_events': 'False', 'write_json': 'True', 'partial_parse': 'True', 'cache_selected_only': 'False', 'profiles_dir': 'C:\\Users\\Akshay\\.dbt', 'debug': 'False', 'version_check': 'True', 'log_path': 'logs', 'warn_error': 'None', 'fail_fast': 'False', 'use_colors': 'True', 'use_experimental_parser': 'False', 'no_print': 'None', 'quiet': 'False', 'log_format': 'default', 'static_parser': 'True', 'invocation_command': 'dbt debug', 'warn_error_options': 'WarnErrorOptions(include=[], exclude=[])', 'target_path': 'None', 'introspect': 'True', 'send_anonymous_usage_stats': 'True'}
[0m12:47:03.363010 [info ] [MainThread]: dbt version: 1.7.11
[0m12:47:03.363010 [info ] [MainThread]: python version: 3.11.5
[0m12:47:03.365313 [info ] [MainThread]: python path: C:\Users\Akshay\AppData\Local\Programs\Python\Python311\python.exe
[0m12:47:03.368197 [info ] [MainThread]: os info: Windows-10-10.0.22631-SP0
[0m12:47:05.270044 [info ] [MainThread]: Using profiles dir at C:\Users\Akshay\.dbt
[0m12:47:05.270044 [info ] [MainThread]: Using profiles.yml file at C:\Users\Akshay\.dbt\profiles.yml
[0m12:47:05.270044 [info ] [MainThread]: Using dbt_project.yml file at C:\Akshay\dbt_data_engineering_project\dbt_project.yml
[0m12:47:05.270044 [info ] [MainThread]: adapter type: snowflake
[0m12:47:05.270044 [info ] [MainThread]: adapter version: 1.7.3
[0m12:47:05.270044 [info ] [MainThread]: Configuration:
[0m12:47:05.283320 [info ] [MainThread]:   profiles.yml file [[32mOK found and valid[0m]
[0m12:47:05.284451 [info ] [MainThread]:   dbt_project.yml file [[31mERROR not found[0m]
[0m12:47:05.285975 [info ] [MainThread]: Required dependencies:
[0m12:47:05.285975 [debug] [MainThread]: Executing "git --help"
[0m12:47:05.331518 [debug] [MainThread]: STDOUT: "b"usage: git [-v | --version] [-h | --help] [-C <path>] [-c <name>=<value>]\n           [--exec-path[=<path>]] [--html-path] [--man-path] [--info-path]\n           [-p | --paginate | -P | --no-pager] [--no-replace-objects] [--bare]\n           [--git-dir=<path>] [--work-tree=<path>] [--namespace=<name>]\n           [--config-env=<name>=<envvar>] <command> [<args>]\n\nThese are common Git commands used in various situations:\n\nstart a working area (see also: git help tutorial)\n   clone     Clone a repository into a new directory\n   init      Create an empty Git repository or reinitialize an existing one\n\nwork on the current change (see also: git help everyday)\n   add       Add file contents to the index\n   mv        Move or rename a file, a directory, or a symlink\n   restore   Restore working tree files\n   rm        Remove files from the working tree and from the index\n\nexamine the history and state (see also: git help revisions)\n   bisect    Use binary search to find the commit that introduced a bug\n   diff      Show changes between commits, commit and working tree, etc\n   grep      Print lines matching a pattern\n   log       Show commit logs\n   show      Show various types of objects\n   status    Show the working tree status\n\ngrow, mark and tweak your common history\n   branch    List, create, or delete branches\n   commit    Record changes to the repository\n   merge     Join two or more development histories together\n   rebase    Reapply commits on top of another base tip\n   reset     Reset current HEAD to the specified state\n   switch    Switch branches\n   tag       Create, list, delete or verify a tag object signed with GPG\n\ncollaborate (see also: git help workflows)\n   fetch     Download objects and refs from another repository\n   pull      Fetch from and integrate with another repository or a local branch\n   push      Update remote refs along with associated objects\n\n'git help -a' and 'git help -g' list available subcommands and some\nconcept guides. See 'git help <command>' or 'git help <concept>'\nto read about a specific subcommand or concept.\nSee 'git help git' for an overview of the system.\n""
[0m12:47:05.338889 [debug] [MainThread]: STDERR: "b''"
[0m12:47:05.338889 [info ] [MainThread]:  - git [[32mOK found[0m]

[0m12:47:05.338889 [info ] [MainThread]: Connection:
[0m12:47:05.338889 [info ] [MainThread]:   account: procoreit
[0m12:47:05.338889 [info ] [MainThread]:   user: akshay.nagendra-contractor@procore.com
[0m12:47:05.338889 [info ] [MainThread]:   database: PROCORE_IT_DEV_ANAGENDRA
[0m12:47:05.338889 [info ] [MainThread]:   warehouse: LATENTVIEW_ENGINEER_LARGE_WH
[0m12:47:05.348156 [info ] [MainThread]:   role: LATENTVIEW_ENGINEER_ROLE
[0m12:47:05.349872 [info ] [MainThread]:   schema: public
[0m12:47:05.350410 [info ] [MainThread]:   authenticator: None
[0m12:47:05.350410 [info ] [MainThread]:   oauth_client_id: None
[0m12:47:05.354367 [info ] [MainThread]:   query_tag: None
[0m12:47:05.354367 [info ] [MainThread]:   client_session_keep_alive: False
[0m12:47:05.354367 [info ] [MainThread]:   host: None
[0m12:47:05.358826 [info ] [MainThread]:   port: None
[0m12:47:05.358826 [info ] [MainThread]:   proxy_host: None
[0m12:47:05.358826 [info ] [MainThread]:   proxy_port: None
[0m12:47:05.358826 [info ] [MainThread]:   protocol: None
[0m12:47:05.363332 [info ] [MainThread]:   connect_retries: 1
[0m12:47:05.365838 [info ] [MainThread]:   connect_timeout: None
[0m12:47:05.365838 [info ] [MainThread]:   retry_on_database_errors: False
[0m12:47:05.365838 [info ] [MainThread]:   retry_all: False
[0m12:47:05.371350 [info ] [MainThread]:   insecure_mode: False
[0m12:47:05.372375 [info ] [MainThread]:   reuse_connections: None
[0m12:47:05.374194 [info ] [MainThread]: Registered adapter: snowflake=1.7.3
[0m12:47:05.377444 [debug] [MainThread]: Acquiring new snowflake connection 'debug'
[0m12:47:05.377444 [debug] [MainThread]: Using snowflake connection "debug"
[0m12:47:05.377444 [debug] [MainThread]: On debug: select 1 as id
[0m12:47:05.381456 [debug] [MainThread]: Opening a new connection, currently in state init
[0m12:47:07.999811 [debug] [MainThread]: SQL status: SUCCESS 1 in 3.0 seconds
[0m12:47:08.001321 [debug] [MainThread]: On debug: Close
[0m12:47:08.588706 [info ] [MainThread]:   Connection test: [[32mOK connection ok[0m]

[0m12:47:08.588706 [info ] [MainThread]: [31m1 check failed:[0m
[0m12:47:08.588706 [info ] [MainThread]: Project loading failed for the following reason:
 project path <C:\Akshay\dbt_data_engineering_project\dbt_project.yml> not found

[0m12:47:08.602439 [debug] [MainThread]: Command `dbt debug` failed at 12:47:08.601347 after 5.39 seconds
[0m12:47:08.602645 [debug] [MainThread]: Connection 'debug' was properly closed.
[0m12:47:08.603711 [debug] [MainThread]: Sending event: {'category': 'dbt', 'action': 'invocation', 'label': 'end', 'context': [<snowplow_tracker.self_describing_json.SelfDescribingJson object at 0x000001D82ABCE590>, <snowplow_tracker.self_describing_json.SelfDescribingJson object at 0x000001D82AC1F990>, <snowplow_tracker.self_describing_json.SelfDescribingJson object at 0x000001D82AC1F790>]}
[0m12:47:08.603711 [debug] [MainThread]: Flushing usage events
